<?xml version="1.0" encoding="UTF-8"?>
<robot generator="Robot 7.1 (Python 3.13.0 on win32)" generated="2024-10-14T13:05:02.625444" rpa="false" schemaversion="5">
<suite id="s1" name="Test" source="C:\Users\camila.santos\OneDrive - Valtech\Documents\Robot\test.robot">
<test id="s1-t1" name="Cenário 1: Acessando o site do Robot" line="12">
<kw name="Abrir Site">
<kw name="Open Browser" owner="SeleniumLibrary">
<msg time="2024-10-14T13:05:03.427300" level="INFO">Opening browser 'chrome' to base url 'https://robotframework.org/'.</msg>
<arg>https://robotframework.org/</arg>
<arg>chrome</arg>
<doc>Opens a new browser instance to the optional ``url``.</doc>
<status status="PASS" start="2024-10-14T13:05:03.427058" elapsed="22.100394"/>
</kw>
<status status="PASS" start="2024-10-14T13:05:03.425943" elapsed="22.102196"/>
</kw>
<status status="PASS" start="2024-10-14T13:05:03.424706" elapsed="22.104519"/>
</test>
<status status="PASS" start="2024-10-14T13:05:02.630758" elapsed="22.900828"/>
</suite>
<statistics>
<total>
<stat pass="1" fail="0" skip="0">All Tests</stat>
</total>
<tag>
</tag>
<suite>
<stat pass="1" fail="0" skip="0" id="s1" name="Test">Test</stat>
</suite>
</statistics>
<errors>
</errors>
</robot>
